<?xml version="1.0" encoding="UTF-8"?>
<!-- Generated by org.testng.reporters.JUnitXMLReporter -->
<testsuite ignored="2" hostname="DESKTOP-PRHB8P6" failures="0" tests="0" time="0.014" errors="0" timestamp="2022-11-25T17:54:13 EET">
  <testcase classname="Lower_Uper" name="Check_High_To_Low" time="0.0">
    <ignored/>
  </testcase> <!-- Check_High_To_Low -->
  <testcase classname="Lower_Uper" name="Check_Low_To_High" time="0.0">
    <ignored/>
  </testcase> <!-- Check_Low_To_High -->
</testsuite>
